#
# There is insufficient memory for the Java Runtime Environment to continue.
# Native memory allocation (mmap) failed to map 264241152 bytes. Error detail: G1 virtual space
# Possible reasons:
#   The system is out of physical RAM or swap space
#   This process is running with CompressedOops enabled, and the Java Heap may be blocking the growth of the native heap
# Possible solutions:
#   Reduce memory load on the system
#   Increase physical memory or swap space
#   Check if swap backing store is full
#   Decrease Java heap size (-Xmx/-Xms)
#   Decrease number of Java threads
#   Decrease Java thread stack sizes (-Xss)
#   Set larger code cache with -XX:ReservedCodeCacheSize=
#   JVM is running with Zero Based Compressed Oops mode in which the Java heap is
#     placed in the first 32GB address space. The Java Heap base address is the
#     maximum limit for the native heap growth. Please use -XX:HeapBaseMinAddress
#     to set the Java Heap base and to place the Java Heap above 32GB virtual address.
# This output file may be truncated or incomplete.
#
#  Out of Memory Error (os_windows.cpp:3710), pid=18448, tid=7944
#
# JRE version:  (17.0.15+6) (build )
# Java VM: OpenJDK 64-Bit Server VM (17.0.15+6-LTS, mixed mode, sharing, tiered, compressed oops, compressed class ptrs, g1 gc, windows-amd64)
# No core dump will be written. Minidumps are not enabled by default on client versions of Windows
#

---------------  S U M M A R Y ------------

Command Line: -Dclassworlds.conf=C:\Dev\apache-maven-3.9.10\bin\m2.conf -Dmaven.home=C:\Dev\apache-maven-3.9.10 -Dlibrary.jansi.path=C:\Dev\apache-maven-3.9.10\lib\jansi-native -Dmaven.multiModuleProjectDirectory=C:\Users\user\Downloads\Library\Library org.codehaus.plexus.classworlds.launcher.Launcher dependency:purge-local-repository

Host: 13th Gen Intel(R) Core(TM) i5-1335U, 12 cores, 15G,  Windows 11 , 64 bit Build 26100 (10.0.26100.4202)
Time: Mon Jul  7 11:52:34 2025  Windows 11 , 64 bit Build 26100 (10.0.26100.4202) elapsed time: 1.017226 seconds (0d 0h 0m 1s)

---------------  T H R E A D  ---------------

Current thread (0x00000175b1395640):  JavaThread "Unknown thread" [_thread_in_vm, id=7944, stack(0x0000000583500000,0x0000000583600000)]

Stack: [0x0000000583500000,0x0000000583600000]
Native frames: (J=compiled Java code, j=interpreted, Vv=VM code, C=native code)
V  [jvm.dll+0x6887a9]
V  [jvm.dll+0x83f5a8]
V  [jvm.dll+0x841053]
V  [jvm.dll+0x8416c3]
V  [jvm.dll+0x2496ef]
V  [jvm.dll+0x6856e9]
V  [jvm.dll+0x679b7a]
V  [jvm.dll+0x30b0d7]
V  [jvm.dll+0x312646]
V  [jvm.dll+0x36300e]
V  [jvm.dll+0x36324d]
V  [jvm.dll+0x2e236c]
V  [jvm.dll+0x2e3284]
V  [jvm.dll+0x8114db]
V  [jvm.dll+0x370d21]
V  [jvm.dll+0x7f011f]
V  [jvm.dll+0x3f781e]
V  [jvm.dll+0x3f9351]
C  [jli.dll+0x52a0]
C  [ucrtbase.dll+0x37b0]
C  [KERNEL32.DLL+0x2e8d7]
C  [ntdll.dll+0x3c34c]


---------------  P R O C E S S  ---------------

Threads class SMR info:
_java_thread_list=0x00007ff8c3baefd8, length=0, elements={
}

Java Threads: ( => current thread )

Other Threads:
  0x00000175b1400cd0 GCTaskThread "GC Thread#0" [stack: 0x0000000583600000,0x0000000583700000] [id=18792]
  0x00000175b1411820 ConcurrentGCThread "G1 Main Marker" [stack: 0x0000000583700000,0x0000000583800000] [id=18936]
  0x00000175b1413250 ConcurrentGCThread "G1 Conc#0" [stack: 0x0000000583800000,0x0000000583900000] [id=10552]

[error occurred during error reporting (printing all threads), id 0xc0000005, EXCEPTION_ACCESS_VIOLATION (0xc0000005) at pc=0x00007ff8c3362ec7]

VM state: not at safepoint (not fully initialized)

VM Mutex/Monitor currently owned by a thread:  ([mutex/lock_event])
[0x00000175b1391cb0] Heap_lock - owner thread: 0x00000175b1395640

Heap address: 0x0000000704000000, size: 4032 MB, Compressed Oops mode: Zero based, Oop shift amount: 3

CDS archive(s) mapped at: [0x0000000000000000-0x0000000000000000-0x0000000000000000), size 0, SharedBaseAddress: 0x0000000800000000, ArchiveRelocationMode: 1.
Narrow klass base: 0x0000000000000000, Narrow klass shift: 0, Narrow klass range: 0x0

GC Precious Log:
<Empty>

Heap:
 garbage-first heap   total 0K, used 0K [0x0000000704000000, 0x0000000800000000)
  region size 2048K, 0 young (0K), 0 survivors (0K)

[error occurred during error reporting (printing heap information), id 0xc0000005, EXCEPTION_ACCESS_VIOLATION (0xc0000005) at pc=0x00007ff8c3752339]

GC Heap History (0 events):
No events

Dll operation events (1 events):
Event: 0.004 Loaded shared library C:\Users\user\.jdks\ms-17.0.15\bin\java.dll

Deoptimization events (0 events):
No events

Classes loaded (0 events):
No events

Classes unloaded (0 events):
No events

Classes redefined (0 events):
No events

Internal exceptions (0 events):
No events

VM Operations (0 events):
No events

Memory protections (0 events):
No events

Nmethod flushes (0 events):
No events

Events (0 events):
No events


Dynamic libraries:
0x00007ff716c30000 - 0x00007ff716c3e000 	C:\Users\user\.jdks\ms-17.0.15\bin\java.exe
0x00007ff92a3a0000 - 0x00007ff92a605000 	C:\WINDOWS\SYSTEM32\ntdll.dll
0x00007ff928800000 - 0x00007ff9288c9000 	C:\WINDOWS\System32\KERNEL32.DLL
0x00007ff927b70000 - 0x00007ff927f58000 	C:\WINDOWS\System32\KERNELBASE.dll
0x00007ff927730000 - 0x00007ff92787b000 	C:\WINDOWS\System32\ucrtbase.dll
0x00007ff922290000 - 0x00007ff9222a7000 	C:\Users\user\.jdks\ms-17.0.15\bin\jli.dll
0x00007ff91fa60000 - 0x00007ff91fa7d000 	C:\Users\user\.jdks\ms-17.0.15\bin\VCRUNTIME140.dll
0x00007ff928450000 - 0x00007ff92861a000 	C:\WINDOWS\System32\USER32.dll
0x00007ff9279c0000 - 0x00007ff9279e7000 	C:\WINDOWS\System32\win32u.dll
0x00007ff910640000 - 0x00007ff9108da000 	C:\WINDOWS\WinSxS\amd64_microsoft.windows.common-controls_6595b64144ccf1df_6.0.26100.4202_none_3e0698d4e335f517\COMCTL32.dll
0x00007ff929cf0000 - 0x00007ff929d99000 	C:\WINDOWS\System32\msvcrt.dll
0x00007ff9287d0000 - 0x00007ff9287fb000 	C:\WINDOWS\System32\GDI32.dll
0x00007ff927f60000 - 0x00007ff928097000 	C:\WINDOWS\System32\gdi32full.dll
0x00007ff927910000 - 0x00007ff9279b3000 	C:\WINDOWS\System32\msvcp_win.dll
0x00007ff929390000 - 0x00007ff9293c0000 	C:\WINDOWS\System32\IMM32.DLL
0x00007ff922260000 - 0x00007ff92226c000 	C:\Users\user\.jdks\ms-17.0.15\bin\vcruntime140_1.dll
0x00007ff913b90000 - 0x00007ff913c1d000 	C:\Users\user\.jdks\ms-17.0.15\bin\msvcp140.dll
0x00007ff8c3070000 - 0x00007ff8c3ce2000 	C:\Users\user\.jdks\ms-17.0.15\bin\server\jvm.dll
0x00007ff929640000 - 0x00007ff9296f3000 	C:\WINDOWS\System32\ADVAPI32.dll
0x00007ff928720000 - 0x00007ff9287c6000 	C:\WINDOWS\System32\sechost.dll
0x00007ff928320000 - 0x00007ff928435000 	C:\WINDOWS\System32\RPCRT4.dll
0x00007ff9294e0000 - 0x00007ff929554000 	C:\WINDOWS\System32\WS2_32.dll
0x00007ff91d590000 - 0x00007ff91d5c5000 	C:\WINDOWS\SYSTEM32\WINMM.dll
0x00007ff915e40000 - 0x00007ff915e4b000 	C:\WINDOWS\SYSTEM32\VERSION.dll
0x00007ff927340000 - 0x00007ff92739e000 	C:\WINDOWS\SYSTEM32\POWRPROF.dll
0x00007ff927320000 - 0x00007ff927334000 	C:\WINDOWS\SYSTEM32\UMPDC.dll
0x00007ff9262b0000 - 0x00007ff9262cb000 	C:\WINDOWS\SYSTEM32\kernel.appcore.dll
0x00007ff91fa50000 - 0x00007ff91fa5a000 	C:\Users\user\.jdks\ms-17.0.15\bin\jimage.dll
0x00007ff924bb0000 - 0x00007ff924df1000 	C:\WINDOWS\SYSTEM32\DBGHELP.DLL
0x00007ff929750000 - 0x00007ff929ad5000 	C:\WINDOWS\System32\combase.dll
0x00007ff928630000 - 0x00007ff928711000 	C:\WINDOWS\System32\OLEAUT32.dll
0x00007ff90bf20000 - 0x00007ff90bf59000 	C:\WINDOWS\SYSTEM32\dbgcore.DLL
0x00007ff9280a0000 - 0x00007ff928139000 	C:\WINDOWS\System32\bcryptPrimitives.dll
0x00007ff91f830000 - 0x00007ff91f855000 	C:\Users\user\.jdks\ms-17.0.15\bin\java.dll

dbghelp: loaded successfully - version: 4.0.5 - missing functions: none
symbol engine: initialized successfully - sym options: 0x614 - pdb path: .;C:\Users\user\.jdks\ms-17.0.15\bin;C:\WINDOWS\SYSTEM32;C:\WINDOWS\WinSxS\amd64_microsoft.windows.common-controls_6595b64144ccf1df_6.0.26100.4202_none_3e0698d4e335f517;C:\Users\user\.jdks\ms-17.0.15\bin\server

VM Arguments:
jvm_args: -Dclassworlds.conf=C:\Dev\apache-maven-3.9.10\bin\m2.conf -Dmaven.home=C:\Dev\apache-maven-3.9.10 -Dlibrary.jansi.path=C:\Dev\apache-maven-3.9.10\lib\jansi-native -Dmaven.multiModuleProjectDirectory=C:\Users\user\Downloads\Library\Library 
java_command: org.codehaus.plexus.classworlds.launcher.Launcher dependency:purge-local-repository
java_class_path (initial): C:\Dev\apache-maven-3.9.10\boot\plexus-classworlds-2.9.0.jar
Launcher Type: SUN_STANDARD

[Global flags]
     intx CICompilerCount                          = 4                                         {product} {ergonomic}
     uint ConcGCThreads                            = 3                                         {product} {ergonomic}
     uint G1ConcRefinementThreads                  = 10                                        {product} {ergonomic}
   size_t G1HeapRegionSize                         = 2097152                                   {product} {ergonomic}
    uintx GCDrainStackTargetSize                   = 64                                        {product} {ergonomic}
   size_t InitialHeapSize                          = 264241152                                 {product} {ergonomic}
   size_t MarkStackSize                            = 4194304                                   {product} {ergonomic}
   size_t MaxHeapSize                              = 4227858432                                {product} {ergonomic}
   size_t MinHeapDeltaBytes                        = 2097152                                   {product} {ergonomic}
   size_t MinHeapSize                              = 8388608                                   {product} {ergonomic}
    uintx NonNMethodCodeHeapSize                   = 5839372                                {pd product} {ergonomic}
    uintx NonProfiledCodeHeapSize                  = 122909434                              {pd product} {ergonomic}
    uintx ProfiledCodeHeapSize                     = 122909434                              {pd product} {ergonomic}
    uintx ReservedCodeCacheSize                    = 251658240                              {pd product} {ergonomic}
     bool SegmentedCodeCache                       = true                                      {product} {ergonomic}
   size_t SoftMaxHeapSize                          = 4227858432                             {manageable} {ergonomic}
     bool UseCompressedClassPointers               = true                           {product lp64_product} {ergonomic}
     bool UseCompressedOops                        = true                           {product lp64_product} {ergonomic}
     bool UseG1GC                                  = true                                      {product} {ergonomic}
     bool UseLargePagesIndividualAllocation        = false                                  {pd product} {ergonomic}

Logging:
Log output configuration:
 #0: stdout all=warning uptime,level,tags
 #1: stderr all=off uptime,level,tags

Environment Variables:
JAVA_HOME=C:\Users\user\.jdks\ms-17.0.15
PATH=C:\Users\user\.jdks\ms-17.0.15\bin;C:\app\user\product\21c\dbhomeXE\bin;C:\WINDOWS\system32;C:\WINDOWS;C:\WINDOWS\System32\Wbem;C:\WINDOWS\System32\WindowsPowerShell\v1.0\;C:\WINDOWS\System32\OpenSSH\;C:\Program Files\Git\cmd;C:\Dev\apache-maven-3.9.10/bin
USERNAME=user
OS=Windows_NT
PROCESSOR_IDENTIFIER=Intel64 Family 6 Model 186 Stepping 3, GenuineIntel
TMP=C:\Users\user\AppData\Local\Temp
TEMP=C:\Users\user\AppData\Local\Temp



Periodic native trim disabled


---------------  S Y S T E M  ---------------

OS:
 Windows 11 , 64 bit Build 26100 (10.0.26100.4202)
OS uptime: 0 days 4:16 hours

CPU: total 12 (initial active 12) (6 cores per cpu, 2 threads per core) family 6 model 186 stepping 3 microcode 0x410e, cx8, cmov, fxsr, ht, mmx, 3dnowpref, sse, sse2, sse3, ssse3, sse4.1, sse4.2, popcnt, lzcnt, tsc, tscinvbit, avx, avx2, aes, erms, clmul, bmi1, bmi2, adx, sha, fma, vzeroupper, clflush, clflushopt, clwb
Processor Information for the first 12 processors :
  Max Mhz: 1300, Current Mhz: 1300, Mhz Limit: 1300

Memory: 4k page, system-wide physical 16122M (3163M free)
TotalPageFile size 19122M (AvailPageFile size 202M)
current process WorkingSet (physical memory assigned to process): 12M, peak: 12M
current process commit charge ("private bytes"): 64M, peak: 316M

vm_info: OpenJDK 64-Bit Server VM (17.0.15+6-LTS) for windows-amd64 JRE (17.0.15+6-LTS), built on Apr  9 2025 22:27:25 by "MicrosoftCorporation" with unknown MS VC++:1939

END.
